<?xml version="1.0" encoding="UTF-8"?>
<testsuites>
  <testsuite name="Test" tests="3" failures="3" errors="0" skipped="0">
    <testcase classname="/test/cl_date_time_utilities.clas.abap" name="/test/cl_date_time_utilities.clas.abap [Line: 70 / Position: 1]: Contains non 7 bit ascii character">
      <failure message="  src/#test#cl_date_time_utilities.clas.abap[70, 1]          - Contains non 7 bit ascii character"/>
    </testcase>
    <testcase classname="/test/cl_date_time_utilities.clas.abap" name="/test/cl_date_time_utilities.clas.abap [Line: 15 / Position: 7]: Bad method parameter name &quot;cwa_table_line&quot; expected &quot;^C._.*$/i&quot;">
      <failure message="  src/#test#cl_date_time_utilities.clas.abap[15, 7]          - Bad method parameter name &quot;cwa_table_line&quot; expected &quot;^C._.*$/i&quot;"/>
    </testcase>
    <testcase classname="/test/cl_date_time_utilities.clas.abap" name="/test/cl_date_time_utilities.clas.abap [Line: 22 / Position: 9]: Bad method parameter name &quot;i_field_name&quot; expected &quot;^I._.*$/i&quot;">
      <failure message="  src/#test#cl_date_time_utilities.clas.abap[22, 9]          - Bad method parameter name &quot;i_field_name&quot; expected &quot;^I._.*$/i&quot;"/>
    </testcase>
  </testsuite>
</testsuites>